[2026-04-30T01:12:38.666+0000] {taskinstance.py:1157} INFO - Dependencies all met for dep_context=non-requeueable deps ti=<TaskInstance: pipeline_ia_supermercado.limpar_dados_pyspark scheduled__2026-04-29T00:00:00+00:00 [queued]>
[2026-04-30T01:12:38.676+0000] {taskinstance.py:1157} INFO - Dependencies all met for dep_context=requeueable deps ti=<TaskInstance: pipeline_ia_supermercado.limpar_dados_pyspark scheduled__2026-04-29T00:00:00+00:00 [queued]>
[2026-04-30T01:12:38.676+0000] {taskinstance.py:1359} INFO - Starting attempt 1 of 2
[2026-04-30T01:12:38.693+0000] {taskinstance.py:1380} INFO - Executing <Task(PythonOperator): limpar_dados_pyspark> on 2026-04-29 00:00:00+00:00
[2026-04-30T01:12:38.700+0000] {standard_task_runner.py:57} INFO - Started process 291 to run task
[2026-04-30T01:12:38.705+0000] {standard_task_runner.py:84} INFO - Running: ['***', 'tasks', 'run', 'pipeline_ia_supermercado', 'limpar_dados_pyspark', 'scheduled__2026-04-29T00:00:00+00:00', '--job-id', '3', '--raw', '--subdir', 'DAGS_FOLDER/dag_supermercado_ai.py', '--cfg-path', '/tmp/tmpmgxs70np']
[2026-04-30T01:12:38.709+0000] {standard_task_runner.py:85} INFO - Job 3: Subtask limpar_dados_pyspark
[2026-04-30T01:12:38.771+0000] {task_command.py:415} INFO - Running <TaskInstance: pipeline_ia_supermercado.limpar_dados_pyspark scheduled__2026-04-29T00:00:00+00:00 [running]> on host 13ed143f59b1
[2026-04-30T01:12:38.856+0000] {taskinstance.py:1660} INFO - Exporting env vars: AIRFLOW_CTX_DAG_OWNER='cjunior' AIRFLOW_CTX_DAG_ID='pipeline_ia_supermercado' AIRFLOW_CTX_TASK_ID='limpar_dados_pyspark' AIRFLOW_CTX_EXECUTION_DATE='2026-04-29T00:00:00+00:00' AIRFLOW_CTX_TRY_NUMBER='1' AIRFLOW_CTX_DAG_RUN_ID='scheduled__2026-04-29T00:00:00+00:00'
[2026-04-30T01:12:38.981+0000] {taskinstance.py:1935} ERROR - Task failed with exception
Traceback (most recent call last):
  File "/home/airflow/.local/lib/python3.9/site-packages/airflow/operators/python.py", line 192, in execute
    return_value = self.execute_callable()
  File "/home/airflow/.local/lib/python3.9/site-packages/airflow/operators/python.py", line 209, in execute_callable
    return self.python_callable(*self.op_args, **self.op_kwargs)
  File "/opt/airflow/scripts/transform_to_silver.py", line 6, in clean_supermarket_data
    spark = SparkSession.builder \
  File "/home/airflow/.local/lib/python3.9/site-packages/pyspark/sql/session.py", line 556, in getOrCreate
    sc = SparkContext.getOrCreate(sparkConf)
  File "/home/airflow/.local/lib/python3.9/site-packages/pyspark/core/context.py", line 523, in getOrCreate
    SparkContext(conf=conf or SparkConf())
  File "/home/airflow/.local/lib/python3.9/site-packages/pyspark/core/context.py", line 205, in __init__
    SparkContext._ensure_initialized(self, gateway=gateway, conf=conf)
  File "/home/airflow/.local/lib/python3.9/site-packages/pyspark/core/context.py", line 444, in _ensure_initialized
    SparkContext._gateway = gateway or launch_gateway(conf)
  File "/home/airflow/.local/lib/python3.9/site-packages/pyspark/java_gateway.py", line 111, in launch_gateway
    raise PySparkRuntimeError(
pyspark.errors.exceptions.base.PySparkRuntimeError: [JAVA_GATEWAY_EXITED] Java gateway process exited before sending its port number.
[2026-04-30T01:12:38.991+0000] {taskinstance.py:1398} INFO - Marking task as UP_FOR_RETRY. dag_id=pipeline_ia_supermercado, task_id=limpar_dados_pyspark, execution_date=20260429T000000, start_date=20260430T011238, end_date=20260430T011238
[2026-04-30T01:12:39.014+0000] {standard_task_runner.py:104} ERROR - Failed to execute job 3 for task limpar_dados_pyspark ([JAVA_GATEWAY_EXITED] Java gateway process exited before sending its port number.; 291)
[2026-04-30T01:12:39.042+0000] {local_task_job_runner.py:228} INFO - Task exited with return code 1
[2026-04-30T01:12:39.064+0000] {taskinstance.py:2776} INFO - 0 downstream tasks scheduled from follow-on schedule check
[2026-04-30T03:04:07.291+0000] {taskinstance.py:1157} INFO - Dependencies all met for dep_context=non-requeueable deps ti=<TaskInstance: pipeline_ia_supermercado.limpar_dados_pyspark scheduled__2026-04-29T00:00:00+00:00 [queued]>
[2026-04-30T03:04:07.309+0000] {taskinstance.py:1157} INFO - Dependencies all met for dep_context=requeueable deps ti=<TaskInstance: pipeline_ia_supermercado.limpar_dados_pyspark scheduled__2026-04-29T00:00:00+00:00 [queued]>
[2026-04-30T03:04:07.309+0000] {taskinstance.py:1359} INFO - Starting attempt 1 of 2
[2026-04-30T03:04:07.335+0000] {taskinstance.py:1380} INFO - Executing <Task(PythonOperator): limpar_dados_pyspark> on 2026-04-29 00:00:00+00:00
[2026-04-30T03:04:07.357+0000] {standard_task_runner.py:57} INFO - Started process 5819 to run task
[2026-04-30T03:04:07.365+0000] {standard_task_runner.py:84} INFO - Running: ['***', 'tasks', 'run', 'pipeline_ia_supermercado', 'limpar_dados_pyspark', 'scheduled__2026-04-29T00:00:00+00:00', '--job-id', '25', '--raw', '--subdir', 'DAGS_FOLDER/dag_supermercado_ai.py', '--cfg-path', '/tmp/tmp7tjr7vzu']
[2026-04-30T03:04:07.371+0000] {standard_task_runner.py:85} INFO - Job 25: Subtask limpar_dados_pyspark
[2026-04-30T03:04:07.477+0000] {task_command.py:415} INFO - Running <TaskInstance: pipeline_ia_supermercado.limpar_dados_pyspark scheduled__2026-04-29T00:00:00+00:00 [running]> on host 13ed143f59b1
[2026-04-30T03:04:07.676+0000] {taskinstance.py:1660} INFO - Exporting env vars: AIRFLOW_CTX_DAG_OWNER='cjunior' AIRFLOW_CTX_DAG_ID='pipeline_ia_supermercado' AIRFLOW_CTX_TASK_ID='limpar_dados_pyspark' AIRFLOW_CTX_EXECUTION_DATE='2026-04-29T00:00:00+00:00' AIRFLOW_CTX_TRY_NUMBER='1' AIRFLOW_CTX_DAG_RUN_ID='scheduled__2026-04-29T00:00:00+00:00'
[2026-04-30T03:04:47.004+0000] {logging_mixin.py:151} INFO - Camada SILVER processada com sucesso em: /opt/***/data/silver/supermarket_cleaned
[2026-04-30T03:04:47.378+0000] {python.py:194} INFO - Done. Returned value was: None
[2026-04-30T03:04:47.412+0000] {taskinstance.py:1398} INFO - Marking task as SUCCESS. dag_id=pipeline_ia_supermercado, task_id=limpar_dados_pyspark, execution_date=20260429T000000, start_date=20260430T030407, end_date=20260430T030447
[2026-04-30T03:04:47.508+0000] {local_task_job_runner.py:228} INFO - Task exited with return code 0
[2026-04-30T03:04:47.569+0000] {taskinstance.py:2776} INFO - 1 downstream tasks scheduled from follow-on schedule check
