[2026-04-30T01:12:36.571+0000] {taskinstance.py:1157} INFO - Dependencies all met for dep_context=non-requeueable deps ti=<TaskInstance: pipeline_ia_supermercado.extrair_postgres_para_bronze scheduled__2026-04-29T00:00:00+00:00 [queued]>
[2026-04-30T01:12:36.583+0000] {taskinstance.py:1157} INFO - Dependencies all met for dep_context=requeueable deps ti=<TaskInstance: pipeline_ia_supermercado.extrair_postgres_para_bronze scheduled__2026-04-29T00:00:00+00:00 [queued]>
[2026-04-30T01:12:36.584+0000] {taskinstance.py:1359} INFO - Starting attempt 1 of 2
[2026-04-30T01:12:36.601+0000] {taskinstance.py:1380} INFO - Executing <Task(PythonOperator): extrair_postgres_para_bronze> on 2026-04-29 00:00:00+00:00
[2026-04-30T01:12:36.608+0000] {standard_task_runner.py:57} INFO - Started process 285 to run task
[2026-04-30T01:12:36.613+0000] {standard_task_runner.py:84} INFO - Running: ['***', 'tasks', 'run', 'pipeline_ia_supermercado', 'extrair_postgres_para_bronze', 'scheduled__2026-04-29T00:00:00+00:00', '--job-id', '2', '--raw', '--subdir', 'DAGS_FOLDER/dag_supermercado_ai.py', '--cfg-path', '/tmp/tmpkx19pekh']
[2026-04-30T01:12:36.619+0000] {standard_task_runner.py:85} INFO - Job 2: Subtask extrair_postgres_para_bronze
[2026-04-30T01:12:36.683+0000] {task_command.py:415} INFO - Running <TaskInstance: pipeline_ia_supermercado.extrair_postgres_para_bronze scheduled__2026-04-29T00:00:00+00:00 [running]> on host 13ed143f59b1
[2026-04-30T01:12:36.790+0000] {taskinstance.py:1660} INFO - Exporting env vars: AIRFLOW_CTX_DAG_OWNER='cjunior' AIRFLOW_CTX_DAG_ID='pipeline_ia_supermercado' AIRFLOW_CTX_TASK_ID='extrair_postgres_para_bronze' AIRFLOW_CTX_EXECUTION_DATE='2026-04-29T00:00:00+00:00' AIRFLOW_CTX_TRY_NUMBER='1' AIRFLOW_CTX_DAG_RUN_ID='scheduled__2026-04-29T00:00:00+00:00'
[2026-04-30T01:12:36.792+0000] {logging_mixin.py:151} INFO - Erro na extração: connection to server at "localhost" (::1), port 5432 failed: Connection refused
	Is the server running on that host and accepting TCP/IP connections?
connection to server at "localhost" (127.0.0.1), port 5432 failed: Connection refused
	Is the server running on that host and accepting TCP/IP connections?
[2026-04-30T01:12:36.793+0000] {python.py:194} INFO - Done. Returned value was: None
[2026-04-30T01:12:36.803+0000] {taskinstance.py:1398} INFO - Marking task as SUCCESS. dag_id=pipeline_ia_supermercado, task_id=extrair_postgres_para_bronze, execution_date=20260429T000000, start_date=20260430T011236, end_date=20260430T011236
[2026-04-30T01:12:36.828+0000] {local_task_job_runner.py:228} INFO - Task exited with return code 0
[2026-04-30T01:12:36.857+0000] {taskinstance.py:2776} INFO - 1 downstream tasks scheduled from follow-on schedule check
[2026-04-30T03:04:03.104+0000] {taskinstance.py:1157} INFO - Dependencies all met for dep_context=non-requeueable deps ti=<TaskInstance: pipeline_ia_supermercado.extrair_postgres_para_bronze scheduled__2026-04-29T00:00:00+00:00 [queued]>
[2026-04-30T03:04:03.127+0000] {taskinstance.py:1157} INFO - Dependencies all met for dep_context=requeueable deps ti=<TaskInstance: pipeline_ia_supermercado.extrair_postgres_para_bronze scheduled__2026-04-29T00:00:00+00:00 [queued]>
[2026-04-30T03:04:03.127+0000] {taskinstance.py:1359} INFO - Starting attempt 1 of 2
[2026-04-30T03:04:03.152+0000] {taskinstance.py:1380} INFO - Executing <Task(PythonOperator): extrair_postgres_para_bronze> on 2026-04-29 00:00:00+00:00
[2026-04-30T03:04:03.168+0000] {standard_task_runner.py:57} INFO - Started process 5813 to run task
[2026-04-30T03:04:03.190+0000] {standard_task_runner.py:84} INFO - Running: ['***', 'tasks', 'run', 'pipeline_ia_supermercado', 'extrair_postgres_para_bronze', 'scheduled__2026-04-29T00:00:00+00:00', '--job-id', '24', '--raw', '--subdir', 'DAGS_FOLDER/dag_supermercado_ai.py', '--cfg-path', '/tmp/tmpu6i5l1rb']
[2026-04-30T03:04:03.200+0000] {standard_task_runner.py:85} INFO - Job 24: Subtask extrair_postgres_para_bronze
[2026-04-30T03:04:03.421+0000] {task_command.py:415} INFO - Running <TaskInstance: pipeline_ia_supermercado.extrair_postgres_para_bronze scheduled__2026-04-29T00:00:00+00:00 [running]> on host 13ed143f59b1
[2026-04-30T03:04:03.692+0000] {taskinstance.py:1660} INFO - Exporting env vars: AIRFLOW_CTX_DAG_OWNER='cjunior' AIRFLOW_CTX_DAG_ID='pipeline_ia_supermercado' AIRFLOW_CTX_TASK_ID='extrair_postgres_para_bronze' AIRFLOW_CTX_EXECUTION_DATE='2026-04-29T00:00:00+00:00' AIRFLOW_CTX_TRY_NUMBER='1' AIRFLOW_CTX_DAG_RUN_ID='scheduled__2026-04-29T00:00:00+00:00'
[2026-04-30T03:04:03.703+0000] {logging_mixin.py:151} INFO - Erro na extração: connection to server at "localhost" (::1), port 5432 failed: Connection refused
	Is the server running on that host and accepting TCP/IP connections?
connection to server at "localhost" (127.0.0.1), port 5432 failed: Connection refused
	Is the server running on that host and accepting TCP/IP connections?
[2026-04-30T03:04:03.704+0000] {python.py:194} INFO - Done. Returned value was: None
[2026-04-30T03:04:03.726+0000] {taskinstance.py:1398} INFO - Marking task as SUCCESS. dag_id=pipeline_ia_supermercado, task_id=extrair_postgres_para_bronze, execution_date=20260429T000000, start_date=20260430T030403, end_date=20260430T030403
[2026-04-30T03:04:03.808+0000] {local_task_job_runner.py:228} INFO - Task exited with return code 0
[2026-04-30T03:04:03.873+0000] {taskinstance.py:2776} INFO - 1 downstream tasks scheduled from follow-on schedule check
